c:\users\konra\source\repos\spatialhash\x64\debug\vc142.pdb
c:\users\konra\source\repos\spatialhash\x64\debug\vc142.idb
c:\users\konra\source\repos\spatialhash\x64\debug\window.obj
c:\users\konra\source\repos\spatialhash\x64\debug\application.obj
c:\users\konra\source\repos\spatialhash\x64\debug\main.obj
c:\users\konra\source\repos\spatialhash\x64\debug\spatialhashmap.obj
c:\users\konra\source\repos\spatialhash\x64\debug\texturemanager.obj
c:\users\konra\source\repos\spatialhash\x64\debug\spatialhash.exe
c:\users\konra\source\repos\spatialhash\x64\debug\spatialhash.ilk
c:\users\konra\source\repos\spatialhash\x64\debug\spatialhash.pdb
c:\users\konra\source\repos\spatialhash\x64\debug\spatialhash.tlog\cl.command.1.tlog
c:\users\konra\source\repos\spatialhash\x64\debug\spatialhash.tlog\cl.read.1.tlog
c:\users\konra\source\repos\spatialhash\x64\debug\spatialhash.tlog\cl.write.1.tlog
c:\users\konra\source\repos\spatialhash\x64\debug\spatialhash.tlog\link-cvtres.read.1.tlog
c:\users\konra\source\repos\spatialhash\x64\debug\spatialhash.tlog\link-cvtres.write.1.tlog
c:\users\konra\source\repos\spatialhash\x64\debug\spatialhash.tlog\link-rc.read.1.tlog
c:\users\konra\source\repos\spatialhash\x64\debug\spatialhash.tlog\link-rc.write.1.tlog
c:\users\konra\source\repos\spatialhash\x64\debug\spatialhash.tlog\link.13556-cvtres.read.1.tlog
c:\users\konra\source\repos\spatialhash\x64\debug\spatialhash.tlog\link.13556-cvtres.write.1.tlog
c:\users\konra\source\repos\spatialhash\x64\debug\spatialhash.tlog\link.13556-rc.read.1.tlog
c:\users\konra\source\repos\spatialhash\x64\debug\spatialhash.tlog\link.13556-rc.write.1.tlog
c:\users\konra\source\repos\spatialhash\x64\debug\spatialhash.tlog\link.13556.read.1.tlog
c:\users\konra\source\repos\spatialhash\x64\debug\spatialhash.tlog\link.13556.write.1.tlog
c:\users\konra\source\repos\spatialhash\x64\debug\spatialhash.tlog\link.command.1.tlog
c:\users\konra\source\repos\spatialhash\x64\debug\spatialhash.tlog\link.read.1.tlog
c:\users\konra\source\repos\spatialhash\x64\debug\spatialhash.tlog\link.write.1.tlog
